<?xml version="1.0" encoding="UTF-8"?>
<!-- Generated by org.testng.reporters.JUnitXMLReporter -->
<testsuite hostname="LAPTOP-PT1VIPBL" ignored="1" name="Default test" tests="1" failures="0" timestamp="2023-02-03T07:22:44 IST" time="63.156" errors="0">
  <testcase name="verifyLinks" time="2.673" classname="tests.HomeTest"/>
  <testcase name="verifyAdminButtonNavigatesToAdminPage" time="0.0" classname="tests.HomeTest">
    <ignored/>
  </testcase> <!-- verifyAdminButtonNavigatesToAdminPage -->
</testsuite> <!-- Default test -->
